<?xml version="1.0" encoding="UTF-8"?>
<!-- Generated by org.testng.reporters.JUnitXMLReporter -->
<testsuite hostname="LAPTOP-02NKR75Q" ignored="4" name="Default test(failed)" tests="1" failures="0" timestamp="2020-04-14T15:53:48 CDT" time="25.621" errors="0">
  <testcase name="sortable_menu" time="10.24" classname="TestCase.TC_Sortable"/>
  <testcase name="resizable_menu" time="0.0" classname="TestCase.TC_Sortable">
    <ignored/>
  </testcase> <!-- resizable_menu -->
  <testcase name="Dragable_menu" time="0.0" classname="TestCase.TC_Sortable">
    <ignored/>
  </testcase> <!-- Dragable_menu -->
  <testcase name="selectable_menu" time="0.0" classname="TestCase.TC_Sortable">
    <ignored/>
  </testcase> <!-- selectable_menu -->
  <testcase name="Dropable_menu" time="0.0" classname="TestCase.TC_Sortable">
    <ignored/>
  </testcase> <!-- Dropable_menu -->
</testsuite> <!-- Default test(failed) -->
